
> dfwa-frontend@1.0.0 start
> node server/server.js

WARNING: SYSTEM_SECRET is not set. Using a default secret is insecure. Please set the SYSTEM_SECRET environment variable.
Leaderboard server running on port 3000
Connected to SQLite database.
[0mGET /?t=challenge_final [32m200[0m 4.213 ms - 7949[0m
[0mGET /assets/main-Cz9XBQFO.js [32m200[0m 1.070 ms - 21822[0m
[0mGET /sw.js [32m200[0m 1.465 ms - 2200[0m
ValidationError: The 'X-Forwarded-For' header is set but the Express 'trust proxy' setting is false (default). This could indicate a misconfiguration which would prevent express-rate-limit from accurately identifying users. See https://express-rate-limit.github.io/ERR_ERL_UNEXPECTED_X_FORWARDED_FOR/ for more information.
    at Object.xForwardedForHeader (file:///home/ubuntu/DFWA/node_modules/.pnpm/express-rate-limit@8.5.2_express@5.2.1/node_modules/express-rate-limit/dist/index.mjs:352:13)
    at wrappedValidations.<computed> [as xForwardedForHeader] (file:///home/ubuntu/DFWA/node_modules/.pnpm/express-rate-limit@8.5.2_express@5.2.1/node_modules/express-rate-limit/dist/index.mjs:675:22)
    at Object.keyGenerator (file:///home/ubuntu/DFWA/node_modules/.pnpm/express-rate-limit@8.5.2_express@5.2.1/node_modules/express-rate-limit/dist/index.mjs:782:20)
    at file:///home/ubuntu/DFWA/node_modules/.pnpm/express-rate-limit@8.5.2_express@5.2.1/node_modules/express-rate-limit/dist/index.mjs:864:32
    at process.processTicksAndRejections (node:internal/process/task_queues:105:5)
    at async file:///home/ubuntu/DFWA/node_modules/.pnpm/express-rate-limit@8.5.2_express@5.2.1/node_modules/express-rate-limit/dist/index.mjs:825:5 {
  code: 'ERR_ERL_UNEXPECTED_X_FORWARDED_FOR',
  help: 'https://express-rate-limit.github.io/ERR_ERL_UNEXPECTED_X_FORWARDED_FOR/'
}
[0mPOST /api/challenge/verify [32m200[0m 18.402 ms - 47[0m
[0mGET /api/leaderboard [32m200[0m 2.028 ms - 66[0m
[0mPOST /api/challenge/verify [32m200[0m 1.644 ms - 46[0m
